<?xml version="1.0" encoding="UTF-8"?>
<!-- Generated by org.testng.reporters.JUnitXMLReporter -->
<testsuite hostname="Neethika" ignored="0" name="Default test" tests="12" failures="0" timestamp="2019-12-03T17:04:24 GMT" time="28.711" errors="0">
  <testcase name="verifyTitle" time="0.036" classname="test.ChallengingDOM"/>
  <testcase name="verifyHeading" time="0.09" classname="test.ChallengingDOM"/>
  <testcase name="verifyDescription" time="0.064" classname="test.ChallengingDOM"/>
  <testcase name="verifyButtonSet" time="0.184" classname="test.ChallengingDOM"/>
  <testcase name="verifyBlueButtonClick" time="0.584" classname="test.ChallengingDOM"/>
  <testcase name="verifyRedButtonClick" time="0.564" classname="test.ChallengingDOM"/>
  <testcase name="verifyGreenButtonClick" time="0.468" classname="test.ChallengingDOM"/>
  <testcase name="verifyTableHeadings" time="0.312" classname="test.ChallengingDOM"/>
  <testcase name="verifyRows" time="2.318" classname="test.ChallengingDOM"/>
  <testcase name="verifyEditDeleteLink" time="2.296" classname="test.ChallengingDOM"/>
  <testcase name="verifyForkImg" time="4.806" classname="test.ChallengingDOM"/>
  <testcase name="verifyFooter" time="4.345" classname="test.ChallengingDOM"/>
</testsuite> <!-- Default test -->
