<?xml version="1.0" encoding="UTF-8"?>
<!-- Generated by org.testng.reporters.JUnitXMLReporter -->
<testsuite hostname="Neethika" ignored="0" name="Default test" tests="9" failures="0" timestamp="2019-12-03T03:10:35 GMT" time="26.195" errors="0">
  <testcase name="verifyRows" time="9.28" classname="test.ChallengingDOM"/>
  <testcase name="verifyTableHeadings" time="0.702" classname="test.ChallengingDOM"/>
  <testcase name="verifyTitle" time="0.012" classname="test.ChallengingDOM"/>
  <testcase name="verifyHeading" time="0.076" classname="test.ChallengingDOM"/>
  <testcase name="verifyDescription" time="0.08" classname="test.ChallengingDOM"/>
  <testcase name="verifyButtonSet" time="0.168" classname="test.ChallengingDOM"/>
  <testcase name="verifyBlueButtonClick" time="0.765" classname="test.ChallengingDOM"/>
  <testcase name="verifyRedButtonClick" time="0.54" classname="test.ChallengingDOM"/>
  <testcase name="verifyGreenButtonClick" time="0.772" classname="test.ChallengingDOM"/>
</testsuite> <!-- Default test -->
